<Ui xmlns:xsi="http://www.w3.org/2001/XMLSchema-instance" xmlns:xsd="http://www.w3.org/2001/XMLSchema" xmlns="http://www.blizzard.com/wow/ui/">
  <Script file="Test-Addon.lua" />
  <Frame name="Test-Addon" parent="UIParent" toplevel="true" hidden="true">
    <Scripts>
      <OnLoad>
        Test-Addon_OnLoad();
      </OnLoad>
    </Scripts>
  </Frame>
</Ui>